C51 COMPILER V9.01   DS1302                                                                06/19/2016 20:45:00 PAGE 1   


C51 COMPILER V9.01, COMPILATION OF MODULE DS1302
OBJECT MODULE PLACED IN DS1302.OBJ
COMPILER INVOKED BY: D:\software\KEILC51\C51\BIN\C51.EXE DS1302.c LARGE BROWSE DEFINE(__WEI__) DEBUG OBJECTEXTEND

line level    source

   1          #include "stc12c5a60s2.h"
   2          #include "ds1302.h"
   3          #include "timer.h"
   4          #include<intrins.h>
   5          
   6          
   7          //复位脚
   8          #define RST_CLR RST=0//电平置低
   9          #define RST_SET RST=1//电平置高
  10          
  11          
  12          //双向数据
  13          #define IO_CLR  SDA=0//电平置低
  14          #define IO_SET  SDA=1//电平置高
  15          #define IO_R    SDA  //电平读取
  16          
  17          
  18          //时钟信号
  19          #define SCK_CLR SCK=0//时钟信号
  20          #define SCK_SET SCK=1//电平置高
  21          
  22          
  23          #define ds1302_sec_add                  0x80            //秒数据地址
  24          #define ds1302_min_add                  0x82            //分数据地址
  25          #define ds1302_hr_add                   0x84            //时数据地址
  26          #define ds1302_date_add                 0x86            //日数据地址
  27          #define ds1302_month_add                0x88            //月数据地址
  28          #define ds1302_day_add                  0x8a            //星期数据地址
  29          #define ds1302_year_add                 0x8c            //年数据地址
  30          #define ds1302_control_add              0x8e            //控制数据地址
  31          #define ds1302_charger_add              0x90                                     
  32          #define ds1302_clkburst_add             0xbe
  33          
  34          sbit SCK=P1^7;          
  35          sbit SDA=P1^6;          
  36          sbit RST=P1^5;
  37          
  38          static unsigned char SetFlag;     //更新时间标志位
  39          static unsigned char time_buf1[8] = {20,16,4,30,17,19,0,6};//空年月日时分秒周
  40          static unsigned char time_buf[8] ;                         //空年月日时分秒周
  41          
  42          
  43          
  44          /*------------------------------------------------
  45                     向DS1302写入一字节数据
  46          ------------------------------------------------*/
  47          void Ds1302_Write_Byte(unsigned char addr, unsigned char d)
  48          {
  49   1      
  50   1              unsigned char i;
  51   1              RST_SET;        
  52   1              
  53   1              //写入目标地址：addr
  54   1              addr = addr & 0xFE;     //最低位置零
  55   1              for (i = 0; i < 8; i ++) 
C51 COMPILER V9.01   DS1302                                                                06/19/2016 20:45:00 PAGE 2   

  56   1                  { 
  57   2                      if (addr & 0x01) 
  58   2                          {
  59   3                              IO_SET;
  60   3                              }
  61   2                      else 
  62   2                          {
  63   3                              IO_CLR;
  64   3                              }
  65   2                      SCK_SET;
  66   2                      SCK_CLR;
  67   2                      addr = addr >> 1;
  68   2                      }
  69   1              
  70   1              //写入数据：d
  71   1              for (i = 0; i < 8; i ++) 
  72   1                 {
  73   2                      if (d & 0x01) 
  74   2                          {
  75   3                              IO_SET;
  76   3                              }
  77   2                      else 
  78   2                          {
  79   3                              IO_CLR;
  80   3                              }
  81   2                      SCK_SET;
  82   2                      SCK_CLR;
  83   2                      d = d >> 1;
  84   2                      }
  85   1              RST_CLR;                                        //停止DS1302总线
  86   1      }
  87          /*------------------------------------------------
  88                     从DS1302读出一字节数据
  89          ------------------------------------------------*/
  90          
  91          unsigned char Ds1302_Read_Byte(unsigned char addr) 
  92          {
  93   1      
  94   1              unsigned char i;
  95   1              unsigned char temp;
  96   1              RST_SET;        
  97   1      
  98   1              //写入目标地址：addr
  99   1              addr = addr | 0x01;//最低位置高
 100   1              for (i = 0; i < 8; i ++) 
 101   1                  {
 102   2                   
 103   2                      if (addr & 0x01) 
 104   2                         {
 105   3                              IO_SET;
 106   3                              }
 107   2                      else 
 108   2                          {
 109   3                              IO_CLR;
 110   3                              }
 111   2                      SCK_SET;
 112   2                      SCK_CLR;
 113   2                      addr = addr >> 1;
 114   2                      }
 115   1              
 116   1              //输出数据：temp
 117   1              for (i = 0; i < 8; i ++) 
C51 COMPILER V9.01   DS1302                                                                06/19/2016 20:45:00 PAGE 3   

 118   1                  {
 119   2                      temp = temp >> 1;
 120   2                      if (IO_R) 
 121   2                         {
 122   3                              temp |= 0x80;
 123   3                              }
 124   2                      else 
 125   2                         {
 126   3                              temp &= 0x7F;
 127   3                              }
 128   2                      SCK_SET;
 129   2                      SCK_CLR;
 130   2                      }
 131   1      //      IO_CLR;
 132   1              RST_CLR;        //停止DS1302总线
 133   1              return temp;
 134   1      }
 135          
 136          /*------------------------------------------------
 137                     向DS1302写入时钟数据
 138          ------------------------------------------------*/
 139          void Ds1302_Write_Time(void) 
 140          {
 141   1           
 142   1          unsigned char i,tmp;
 143   1              for(i=0;i<8;i++)
 144   1          {                  //BCD处理
 145   2                      tmp=time_buf1[i]/10;
 146   2                      time_buf[i]=time_buf1[i]%10;
 147   2                      time_buf[i]=time_buf[i]+tmp*16;
 148   2          }
 149   1              Ds1302_Write_Byte(ds1302_control_add,0x00);                     //关闭写保护 
 150   1              Ds1302_Write_Byte(ds1302_sec_add,0x80);                         //暂停 
 151   1              //Ds1302_Write_Byte(ds1302_charger_add,0xa9);                   //涓流充电 
 152   1              Ds1302_Write_Byte(ds1302_year_add,time_buf[1]);         //年 
 153   1              Ds1302_Write_Byte(ds1302_month_add,time_buf[2]);        //月 
 154   1              Ds1302_Write_Byte(ds1302_date_add,time_buf[3]);         //日 
 155   1              Ds1302_Write_Byte(ds1302_day_add,time_buf[7]);          //周 
 156   1              Ds1302_Write_Byte(ds1302_hr_add,time_buf[4]);           //时 
 157   1              Ds1302_Write_Byte(ds1302_min_add,time_buf[5]);          //分
 158   1              Ds1302_Write_Byte(ds1302_sec_add,time_buf[6]);          //秒
 159   1              Ds1302_Write_Byte(ds1302_day_add,time_buf[7]);          //周 
 160   1              Ds1302_Write_Byte(ds1302_control_add,0x80);                     //打开写保护 
 161   1      }
 162          
 163          /*------------------------------------------------
 164                     从DS1302读出时钟数据
 165          ------------------------------------------------*/
 166          void Ds1302_Read_Time(void)  
 167          { 
 168   1                  unsigned char i,tmp;
 169   1              time_buf[1]=Ds1302_Read_Byte(ds1302_year_add);          //年 
 170   1              time_buf[2]=Ds1302_Read_Byte(ds1302_month_add);         //月 
 171   1              time_buf[3]=Ds1302_Read_Byte(ds1302_date_add);          //日 
 172   1              time_buf[4]=Ds1302_Read_Byte(ds1302_hr_add);            //时 
 173   1              time_buf[5]=Ds1302_Read_Byte(ds1302_min_add);           //分 
 174   1              time_buf[6]=(Ds1302_Read_Byte(ds1302_sec_add))&0x7F;//秒 
 175   1              time_buf[7]=Ds1302_Read_Byte(ds1302_day_add);           //周 
 176   1      
 177   1      
 178   1              for(i=0;i<8;i++)
 179   1                 {           //BCD处理
C51 COMPILER V9.01   DS1302                                                                06/19/2016 20:45:00 PAGE 4   

 180   2                      tmp=time_buf[i]/16;
 181   2                      time_buf1[i]=time_buf[i]%16;
 182   2                      time_buf1[i]=time_buf1[i]+tmp*10;
 183   2                 }
 184   1      }
 185          
 186          unsigned char Get_SetFlag(void)
 187          {
 188   1              return SetFlag;
 189   1      }
 190          
 191          void Set_SetFlag(unsigned char flag_data)
 192          {
 193   1               SetFlag = flag_data;
 194   1      }
 195          
 196          unsigned char *Get_time_buf1(void)
 197          {
 198   1              return time_buf1;
 199   1      }
 200          
 201          
 202          /*------------------------------------------------
 203                          DS1302初始化
 204          ------------------------------------------------*/
 205          void Ds1302_Init(void)
 206          {
 207   1              
 208   1              RST_CLR;                        //RST脚置低
 209   1              SCK_CLR;                        //SCK脚置低
 210   1      //      IO_CLR;
 211   1          Ds1302_Write_Byte(ds1302_sec_add,0x00);                              
 212   1      }
 213          
 214          void Read_Time_Task(void)
 215          {
 216   1              Ds1302_Read_Time();
 217   1              Set_Read_Time_Flag(0);   /* 读取完成后将标志位清零 */
 218   1      }
 219          
 220          void Update_Time_Task(void)
 221          {
 222   1              if(1 == Get_SetFlag())     //如果接收到串口信息则更新时钟
 223   1              {
 224   2                      Ds1302_Write_Time();                    
 225   2                      Set_SetFlag(0);       //时钟信息更新后标志位清零
 226   2              }       
 227   1      }
 228          
 229          


MODULE INFORMATION:   STATIC OVERLAYABLE
   CODE SIZE        =    441    ----
   CONSTANT SIZE    =   ----    ----
   XDATA SIZE       =     17    ----
   PDATA SIZE       =   ----    ----
   DATA SIZE        =   ----    ----
   IDATA SIZE       =   ----    ----
   BIT SIZE         =   ----    ----
END OF MODULE INFORMATION.


C51 COMPILATION COMPLETE.  0 WARNING(S),  0 ERROR(S)
