C51 COMPILER V9.00   TIMER                                                                 05/04/2016 23:15:50 PAGE 1   


C51 COMPILER V9.00, COMPILATION OF MODULE TIMER
OBJECT MODULE PLACED IN Timer.OBJ
COMPILER INVOKED BY: C:\D\software\KEILC51\C51\BIN\C51.EXE Timer.c LARGE BROWSE DEFINE(__WEI__) DEBUG OBJECTEXTEND

line level    source

   1          #include "stc12c5a60s2.h"
   2          #include "DS1302.h"
   3          
   4          
   5          
   6          sbit LED = P1^4;  /* 用来指示MCU还活着 */
   7          
   8          static unsigned char Timer_Counter0 = 0;        /* 给LED切换亮灭状态 */ 
   9          static unsigned char Timer_Counter1 = 0;        /* 给显示倒计时和时钟切换显示状态 */
  10          static unsigned char Timer_Counter2 = 0;        /* 读取DS1302 */
  11          static unsigned char Display_Switch = 1; 
  12          static unsigned char Read_Time_Flag = 0;
  13          
  14          /*------------------------------------------------
  15                  获取切换显示时间标志位
  16          ------------------------------------------------*/
  17          unsigned char Get_Display_Switch(void)
  18          {
  19   1              return Display_Switch;
  20   1      }
  21          
  22          /*------------------------------------------------
  23                  获取读取DS1302时间标志位
  24          ------------------------------------------------*/
  25          unsigned char Get_Read_Time_Flag(void)
  26          {
  27   1              return Read_Time_Flag;
  28   1      }
  29          
  30          
  31          void Timer_Init(void)
  32          {                                                                                                               
  33   1              TMOD |= 0x01; //16位定时器
  34   1      
  35   1          TH0 = (65536-50000)/256;
  36   1          TL0 = (65536-50000)%256;
  37   1      
  38   1          ET0 = 1; //允许T0中断
  39   1          TR0 = 1;
  40   1      
  41   1              LED = 1;
  42   1      }
  43          
  44          void Timer0_SER(void) interrupt 1
  45          {
  46   1              unsigned char i = 0;
  47   1      
  48   1          TH0=(65536-50000)/256;
  49   1          TL0=(65536-50000)%256;
  50   1      
  51   1              Timer_Counter0++;
  52   1              Timer_Counter1++;
  53   1              Timer_Counter2++;
  54   1      
  55   1              if(Timer_Counter0 == 20)//1s
C51 COMPILER V9.00   TIMER                                                                 05/04/2016 23:15:50 PAGE 2   

  56   1              {
  57   2                      Timer_Counter0 = 0;
  58   2                      LED = !LED;             
  59   2              }
  60   1               
  61   1              if(Timer_Counter1 == 200)//10s
  62   1              {
  63   2                      Display_Switch = !Display_Switch;
  64   2              } 
  65   1              if(Timer_Counter2 == 2)/* 100ms */
  66   1              {
  67   2                      Read_Time_Flag = 1;
  68   2              }
  69   1              
  70   1      }
  71          


MODULE INFORMATION:   STATIC OVERLAYABLE
   CODE SIZE        =    125    ----
   CONSTANT SIZE    =   ----    ----
   XDATA SIZE       =      5       1
   PDATA SIZE       =   ----    ----
   DATA SIZE        =   ----    ----
   IDATA SIZE       =   ----    ----
   BIT SIZE         =   ----    ----
END OF MODULE INFORMATION.


C51 COMPILATION COMPLETE.  0 WARNING(S),  0 ERROR(S)
