C51 COMPILER V9.00   UART                                                                  05/04/2016 23:15:49 PAGE 1   


C51 COMPILER V9.00, COMPILATION OF MODULE UART
OBJECT MODULE PLACED IN UART.OBJ
COMPILER INVOKED BY: C:\D\software\KEILC51\C51\BIN\C51.EXE UART.c LARGE BROWSE DEFINE(__WEI__) DEBUG OBJECTEXTEND

line level    source

   1          #include "stc12c5a60s2.h"
   2          #include "UART.h"
   3          #include "DS1302.h"
   4          #include <stdlib.h>
   5          #include <string.h>
   6          
   7          static unsigned char *time_buf_data;
   8          static unsigned char time_buf2[8];
   9          
  10          /*------------------------------------------------
  11                        串口通讯初始化
  12          ------------------------------------------------*/
  13          void UART_Init(void)
  14          {
  15   1          SCON  = 0x50;                       // SCON: 模式 1, 8-bit UART, 使能接收  
  16   1          TMOD |= 0x20;               // TMOD: timer 1, mode 2, 8-bit 重装
  17   1          TH1   = 0xFD;               // TH1:  重装值 9600 波特率 晶振 11.0592MHz  
  18   1          TR1   = 1;                  // TR1:  timer 1 打开 
  19   1          ES    = 1;                  //打开串口中断  
  20   1              TI=1;                     
  21   1      }
  22          
  23          
  24          
  25          /*------------------------------------------------
  26                              发送一个字节
  27          ------------------------------------------------*/
  28          void SendByte_UART(unsigned char dat)
  29          {
  30   1       SBUF = dat;
  31   1       while(!TI);
  32   1            TI = 0;
  33   1      }
  34          /*------------------------------------------------
  35                              发送一个字符串
  36          ------------------------------------------------*/
  37          void SendStr(unsigned char *s)
  38          {
  39   1       while(*s!='\0')// \0 表示字符串结束标志，
  40   1                      //通过检测是否字符串末尾
  41   1        {
  42   2        SendByte_UART(*s);
  43   2        s++;
  44   2        }
  45   1      }
  46          
  47          /*------------------------------------------------
  48                            串口中断程序
  49          ------------------------------------------------*/
  50          void UART_SER (void) interrupt 4 //串行中断服务程序
  51          {
  52   1          unsigned char Temp;          //定义临时变量 
  53   1              static unsigned char i = 0,j = 0;
  54   1      
  55   1              if(RI)                        //判断是接收中断产生
C51 COMPILER V9.00   UART                                                                  05/04/2016 23:15:49 PAGE 2   

  56   1              {
  57   2                      RI=0;                      //标志位清零
  58   2                      Temp = SBUF;                 //读入缓冲区的值
  59   2      
  60   2                      time_buf2[i++] = Temp;
  61   2                      if(i == 8)                  
  62   2                      {
  63   3                              time_buf_data = Get_time_buf1();
  64   3                              for(j = 0;j<8;j++)
  65   3                              {
  66   4                                      time_buf_data[j] = time_buf2[j];
  67   4                              }
  68   3                              i = 0;
  69   3                              memset(time_buf2,0,sizeof(time_buf2)/sizeof(unsigned char));
  70   3                              Set_SetFlag(1);               //接收完成标志位置1
  71   3                      }               
  72   2              }
  73   1              if(TI)  //如果是发送标志位，清零
  74   1              {
  75   2      //              TI=0;
  76   2              }
  77   1      } 
  78          


MODULE INFORMATION:   STATIC OVERLAYABLE
   CODE SIZE        =    221    ----
   CONSTANT SIZE    =   ----    ----
   XDATA SIZE       =     13    ----
   PDATA SIZE       =   ----    ----
   DATA SIZE        =   ----    ----
   IDATA SIZE       =   ----    ----
   BIT SIZE         =   ----    ----
END OF MODULE INFORMATION.


C51 COMPILATION COMPLETE.  0 WARNING(S),  0 ERROR(S)
