C51 COMPILER V9.01   UI                                                                    05/01/2016 20:57:47 PAGE 1   


C51 COMPILER V9.01, COMPILATION OF MODULE UI
OBJECT MODULE PLACED IN UI.OBJ
COMPILER INVOKED BY: D:\software\KEILC51\C51\BIN\C51.EXE UI.c LARGE BROWSE DEFINE(__DEBUG__) DEBUG OBJECTEXTEND

line level    source

   1          #include "UART.h"
   2          #include <stdio.h>
   3          #include <string.h>
   4          
   5          static unsigned char UI_Flag = 1;
   6          
   7          static char Passwd_Input[8] = {0};
   8          
   9          
  10          unsigned char Get_UI_Flag(void)
  11          {
  12   1              return UI_Flag;
  13   1      }
  14          
  15          void Set_UI_Flag(unsigned char UI_Flag_data)
  16          {
  17   1               UI_Flag = UI_Flag_data;
  18   1      }
  19          
  20          unsigned char *Get_Passwd_Buff(void)
  21          {
  22   1              return Passwd_Input;
  23   1      }
  24          
  25          void Main_UI_Task(void)
  26          {
  27   1              static unsigned char Display_Flag = 1; 
  28   1              if(Display_Flag)
  29   1              {
  30   2                      SendStr("Timeless,Please input password ->");
  31   2                      Display_Flag = 0;
  32   2              }
  33   1              if((Passwd_Input[0]==0)&&
  34   1                      (Passwd_Input[1]==9)&&
  35   1                      (Passwd_Input[2]==1)&&
  36   1                      (Passwd_Input[3]==5)&&
  37   1                      (Passwd_Input[4]==4)&&
  38   1                      (Passwd_Input[5]==5)&&
  39   1                      (Passwd_Input[6]==4)&&
  40   1                      (Passwd_Input[7]==5))
  41   1              {
  42   2                       Set_Passwd_Flag(1);
  43   2              }
  44   1              if(Get_Passwd_Flag() == 1)
  45   1              {
  46   2                      memset(Passwd_Input,0,sizeof(Passwd_Input)/sizeof(unsigned char));
  47   2                      Set_Passwd_Flag(0);
  48   2                      SendStr("Passed!\n");
  49   2                      //打印账户密码信息
  50   2                      //Set_UI_Flag(1);
  51   2              }
  52   1      }


MODULE INFORMATION:   STATIC OVERLAYABLE
C51 COMPILER V9.01   UI                                                                    05/01/2016 20:57:47 PAGE 2   

   CODE SIZE        =    124    ----
   CONSTANT SIZE    =     43    ----
   XDATA SIZE       =     10    ----
   PDATA SIZE       =   ----    ----
   DATA SIZE        =   ----    ----
   IDATA SIZE       =   ----    ----
   BIT SIZE         =   ----    ----
END OF MODULE INFORMATION.


C51 COMPILATION COMPLETE.  0 WARNING(S),  0 ERROR(S)
